[2015-10-29 10:31:02,489][INFO ][node                     ] [Bogeyman] version[2.0.0], pid[7792], build[de54438/2015-10-22T08:09:48Z]
[2015-10-29 10:31:02,490][INFO ][node                     ] [Bogeyman] initializing ...
[2015-10-29 10:31:02,611][INFO ][plugins                  ] [Bogeyman] loaded [], sites []
[2015-10-29 10:31:03,283][INFO ][env                      ] [Bogeyman] using [1] data paths, mounts [[/ (/dev/disk0s2)]], net usable_space [428.5gb], net total_space [464.9gb], spins? [unknown], types [hfs]
[2015-10-29 10:31:10,898][INFO ][node                     ] [Bogeyman] initialized
[2015-10-29 10:31:10,898][INFO ][node                     ] [Bogeyman] starting ...
[2015-10-29 10:31:11,459][INFO ][transport                ] [Bogeyman] publish_address {127.0.0.1:9300}, bound_addresses {127.0.0.1:9300}, {[fe80::1]:9300}, {[::1]:9300}
[2015-10-29 10:31:11,543][INFO ][discovery                ] [Bogeyman] elasticsearch/0WPgmm3ZQNWL2xSVk2nqww
[2015-10-29 10:31:14,639][INFO ][cluster.service          ] [Bogeyman] new_master {Bogeyman}{0WPgmm3ZQNWL2xSVk2nqww}{127.0.0.1}{127.0.0.1:9300}, reason: zen-disco-join(elected_as_master, [0] joins received)
[2015-10-29 10:31:14,725][INFO ][http                     ] [Bogeyman] publish_address {127.0.0.1:9200}, bound_addresses {127.0.0.1:9200}, {[fe80::1]:9200}, {[::1]:9200}
[2015-10-29 10:31:14,725][INFO ][node                     ] [Bogeyman] started
[2015-10-29 10:31:14,770][INFO ][gateway                  ] [Bogeyman] recovered [0] indices into cluster_state
[2015-10-29 10:31:39,666][INFO ][cluster.metadata         ] [Bogeyman] [.kibana] creating index, cause [api], templates [], shards [1]/[1], mappings [config]
[2015-10-29 10:36:42,684][INFO ][cluster.metadata         ] [Bogeyman] [.kibana] create_mapping [index-pattern]
[2015-10-29 10:36:43,106][INFO ][rest.suppressed          ] /logstash-*/_mapping/field/* Params: {ignore_unavailable=false, allow_no_indices=false, index=logstash-*, include_defaults=true, fields=*, _=1446115003059}
[logstash-*] IndexNotFoundException[no such index]
	at org.elasticsearch.cluster.metadata.IndexNameExpressionResolver$WildcardExpressionResolver.resolve(IndexNameExpressionResolver.java:630)
	at org.elasticsearch.cluster.metadata.IndexNameExpressionResolver.concreteIndices(IndexNameExpressionResolver.java:127)
	at org.elasticsearch.cluster.metadata.IndexNameExpressionResolver.concreteIndices(IndexNameExpressionResolver.java:71)
	at org.elasticsearch.action.admin.indices.mapping.get.TransportGetFieldMappingsAction.doExecute(TransportGetFieldMappingsAction.java:57)
	at org.elasticsearch.action.admin.indices.mapping.get.TransportGetFieldMappingsAction.doExecute(TransportGetFieldMappingsAction.java:40)
	at org.elasticsearch.action.support.TransportAction.execute(TransportAction.java:70)
	at org.elasticsearch.client.node.NodeClient.doExecute(NodeClient.java:58)
	at org.elasticsearch.client.support.AbstractClient.execute(AbstractClient.java:347)
	at org.elasticsearch.client.FilterClient.doExecute(FilterClient.java:52)
	at org.elasticsearch.rest.BaseRestHandler$HeadersAndContextCopyClient.doExecute(BaseRestHandler.java:83)
	at org.elasticsearch.client.support.AbstractClient.execute(AbstractClient.java:347)
	at org.elasticsearch.client.support.AbstractClient$IndicesAdmin.execute(AbstractClient.java:1177)
	at org.elasticsearch.client.support.AbstractClient$IndicesAdmin.getFieldMappings(AbstractClient.java:1377)
	at org.elasticsearch.rest.action.admin.indices.mapping.get.RestGetFieldMappingAction.handleRequest(RestGetFieldMappingAction.java:66)
	at org.elasticsearch.rest.BaseRestHandler.handleRequest(BaseRestHandler.java:54)
	at org.elasticsearch.rest.RestController.executeHandler(RestController.java:207)
	at org.elasticsearch.rest.RestController.dispatchRequest(RestController.java:166)
	at org.elasticsearch.http.HttpServer.internalDispatchRequest(HttpServer.java:128)
	at org.elasticsearch.http.HttpServer$Dispatcher.dispatchRequest(HttpServer.java:86)
	at org.elasticsearch.http.netty.NettyHttpServerTransport.dispatchRequest(NettyHttpServerTransport.java:348)
	at org.elasticsearch.http.netty.HttpRequestHandler.messageReceived(HttpRequestHandler.java:63)
	at org.jboss.netty.channel.SimpleChannelUpstreamHandler.handleUpstream(SimpleChannelUpstreamHandler.java:70)
	at org.jboss.netty.channel.DefaultChannelPipeline.sendUpstream(DefaultChannelPipeline.java:564)
	at org.jboss.netty.channel.DefaultChannelPipeline$DefaultChannelHandlerContext.sendUpstream(DefaultChannelPipeline.java:791)
	at org.elasticsearch.http.netty.pipelining.HttpPipeliningHandler.messageReceived(HttpPipeliningHandler.java:60)
	at org.jboss.netty.channel.SimpleChannelHandler.handleUpstream(SimpleChannelHandler.java:88)
	at org.jboss.netty.channel.DefaultChannelPipeline.sendUpstream(DefaultChannelPipeline.java:564)
	at org.jboss.netty.channel.DefaultChannelPipeline$DefaultChannelHandlerContext.sendUpstream(DefaultChannelPipeline.java:791)
	at org.jboss.netty.handler.codec.http.HttpChunkAggregator.messageReceived(HttpChunkAggregator.java:145)
	at org.jboss.netty.channel.SimpleChannelUpstreamHandler.handleUpstream(SimpleChannelUpstreamHandler.java:70)
	at org.jboss.netty.channel.DefaultChannelPipeline.sendUpstream(DefaultChannelPipeline.java:564)
	at org.jboss.netty.channel.DefaultChannelPipeline$DefaultChannelHandlerContext.sendUpstream(DefaultChannelPipeline.java:791)
	at org.jboss.netty.handler.codec.http.HttpContentDecoder.messageReceived(HttpContentDecoder.java:108)
	at org.jboss.netty.channel.SimpleChannelUpstreamHandler.handleUpstream(SimpleChannelUpstreamHandler.java:70)
	at org.jboss.netty.channel.DefaultChannelPipeline.sendUpstream(DefaultChannelPipeline.java:564)
	at org.jboss.netty.channel.DefaultChannelPipeline$DefaultChannelHandlerContext.sendUpstream(DefaultChannelPipeline.java:791)
	at org.jboss.netty.channel.Channels.fireMessageReceived(Channels.java:296)
	at org.jboss.netty.handler.codec.frame.FrameDecoder.unfoldAndFireMessageReceived(FrameDecoder.java:459)
	at org.jboss.netty.handler.codec.replay.ReplayingDecoder.callDecode(ReplayingDecoder.java:536)
	at org.jboss.netty.handler.codec.replay.ReplayingDecoder.messageReceived(ReplayingDecoder.java:435)
	at org.jboss.netty.channel.SimpleChannelUpstreamHandler.handleUpstream(SimpleChannelUpstreamHandler.java:70)
	at org.jboss.netty.channel.DefaultChannelPipeline.sendUpstream(DefaultChannelPipeline.java:564)
	at org.jboss.netty.channel.DefaultChannelPipeline$DefaultChannelHandlerContext.sendUpstream(DefaultChannelPipeline.java:791)
	at org.elasticsearch.common.netty.OpenChannelsHandler.handleUpstream(OpenChannelsHandler.java:75)
	at org.jboss.netty.channel.DefaultChannelPipeline.sendUpstream(DefaultChannelPipeline.java:564)
	at org.jboss.netty.channel.DefaultChannelPipeline.sendUpstream(DefaultChannelPipeline.java:559)
	at org.jboss.netty.channel.Channels.fireMessageReceived(Channels.java:268)
	at org.jboss.netty.channel.Channels.fireMessageReceived(Channels.java:255)
	at org.jboss.netty.channel.socket.nio.NioWorker.read(NioWorker.java:88)
	at org.jboss.netty.channel.socket.nio.AbstractNioWorker.process(AbstractNioWorker.java:108)
	at org.jboss.netty.channel.socket.nio.AbstractNioSelector.run(AbstractNioSelector.java:337)
	at org.jboss.netty.channel.socket.nio.AbstractNioWorker.run(AbstractNioWorker.java:89)
	at org.jboss.netty.channel.socket.nio.NioWorker.run(NioWorker.java:178)
	at org.jboss.netty.util.ThreadRenamingRunnable.run(ThreadRenamingRunnable.java:108)
	at org.jboss.netty.util.internal.DeadLockProofWorker$1.run(DeadLockProofWorker.java:42)
	at java.util.concurrent.ThreadPoolExecutor.runWorker(ThreadPoolExecutor.java:1142)
	at java.util.concurrent.ThreadPoolExecutor$Worker.run(ThreadPoolExecutor.java:617)
	at java.lang.Thread.run(Thread.java:745)
[2015-10-29 10:50:43,447][INFO ][rest.suppressed          ] /logstash-*/_mapping/field/* Params: {ignore_unavailable=false, allow_no_indices=false, index=logstash-*, include_defaults=true, fields=*, _=1446115843437}
[logstash-*] IndexNotFoundException[no such index]
	at org.elasticsearch.cluster.metadata.IndexNameExpressionResolver$WildcardExpressionResolver.resolve(IndexNameExpressionResolver.java:630)
	at org.elasticsearch.cluster.metadata.IndexNameExpressionResolver.concreteIndices(IndexNameExpressionResolver.java:127)
	at org.elasticsearch.cluster.metadata.IndexNameExpressionResolver.concreteIndices(IndexNameExpressionResolver.java:71)
	at org.elasticsearch.action.admin.indices.mapping.get.TransportGetFieldMappingsAction.doExecute(TransportGetFieldMappingsAction.java:57)
	at org.elasticsearch.action.admin.indices.mapping.get.TransportGetFieldMappingsAction.doExecute(TransportGetFieldMappingsAction.java:40)
	at org.elasticsearch.action.support.TransportAction.execute(TransportAction.java:70)
	at org.elasticsearch.client.node.NodeClient.doExecute(NodeClient.java:58)
	at org.elasticsearch.client.support.AbstractClient.execute(AbstractClient.java:347)
	at org.elasticsearch.client.FilterClient.doExecute(FilterClient.java:52)
	at org.elasticsearch.rest.BaseRestHandler$HeadersAndContextCopyClient.doExecute(BaseRestHandler.java:83)
	at org.elasticsearch.client.support.AbstractClient.execute(AbstractClient.java:347)
	at org.elasticsearch.client.support.AbstractClient$IndicesAdmin.execute(AbstractClient.java:1177)
	at org.elasticsearch.client.support.AbstractClient$IndicesAdmin.getFieldMappings(AbstractClient.java:1377)
	at org.elasticsearch.rest.action.admin.indices.mapping.get.RestGetFieldMappingAction.handleRequest(RestGetFieldMappingAction.java:66)
	at org.elasticsearch.rest.BaseRestHandler.handleRequest(BaseRestHandler.java:54)
	at org.elasticsearch.rest.RestController.executeHandler(RestController.java:207)
	at org.elasticsearch.rest.RestController.dispatchRequest(RestController.java:166)
	at org.elasticsearch.http.HttpServer.internalDispatchRequest(HttpServer.java:128)
	at org.elasticsearch.http.HttpServer$Dispatcher.dispatchRequest(HttpServer.java:86)
	at org.elasticsearch.http.netty.NettyHttpServerTransport.dispatchRequest(NettyHttpServerTransport.java:348)
	at org.elasticsearch.http.netty.HttpRequestHandler.messageReceived(HttpRequestHandler.java:63)
	at org.jboss.netty.channel.SimpleChannelUpstreamHandler.handleUpstream(SimpleChannelUpstreamHandler.java:70)
	at org.jboss.netty.channel.DefaultChannelPipeline.sendUpstream(DefaultChannelPipeline.java:564)
	at org.jboss.netty.channel.DefaultChannelPipeline$DefaultChannelHandlerContext.sendUpstream(DefaultChannelPipeline.java:791)
	at org.elasticsearch.http.netty.pipelining.HttpPipeliningHandler.messageReceived(HttpPipeliningHandler.java:60)
	at org.jboss.netty.channel.SimpleChannelHandler.handleUpstream(SimpleChannelHandler.java:88)
	at org.jboss.netty.channel.DefaultChannelPipeline.sendUpstream(DefaultChannelPipeline.java:564)
	at org.jboss.netty.channel.DefaultChannelPipeline$DefaultChannelHandlerContext.sendUpstream(DefaultChannelPipeline.java:791)
	at org.jboss.netty.handler.codec.http.HttpChunkAggregator.messageReceived(HttpChunkAggregator.java:145)
	at org.jboss.netty.channel.SimpleChannelUpstreamHandler.handleUpstream(SimpleChannelUpstreamHandler.java:70)
	at org.jboss.netty.channel.DefaultChannelPipeline.sendUpstream(DefaultChannelPipeline.java:564)
	at org.jboss.netty.channel.DefaultChannelPipeline$DefaultChannelHandlerContext.sendUpstream(DefaultChannelPipeline.java:791)
	at org.jboss.netty.handler.codec.http.HttpContentDecoder.messageReceived(HttpContentDecoder.java:108)
	at org.jboss.netty.channel.SimpleChannelUpstreamHandler.handleUpstream(SimpleChannelUpstreamHandler.java:70)
	at org.jboss.netty.channel.DefaultChannelPipeline.sendUpstream(DefaultChannelPipeline.java:564)
	at org.jboss.netty.channel.DefaultChannelPipeline$DefaultChannelHandlerContext.sendUpstream(DefaultChannelPipeline.java:791)
	at org.jboss.netty.channel.Channels.fireMessageReceived(Channels.java:296)
	at org.jboss.netty.handler.codec.frame.FrameDecoder.unfoldAndFireMessageReceived(FrameDecoder.java:459)
	at org.jboss.netty.handler.codec.replay.ReplayingDecoder.callDecode(ReplayingDecoder.java:536)
	at org.jboss.netty.handler.codec.replay.ReplayingDecoder.messageReceived(ReplayingDecoder.java:435)
	at org.jboss.netty.channel.SimpleChannelUpstreamHandler.handleUpstream(SimpleChannelUpstreamHandler.java:70)
	at org.jboss.netty.channel.DefaultChannelPipeline.sendUpstream(DefaultChannelPipeline.java:564)
	at org.jboss.netty.channel.DefaultChannelPipeline$DefaultChannelHandlerContext.sendUpstream(DefaultChannelPipeline.java:791)
	at org.elasticsearch.common.netty.OpenChannelsHandler.handleUpstream(OpenChannelsHandler.java:75)
	at org.jboss.netty.channel.DefaultChannelPipeline.sendUpstream(DefaultChannelPipeline.java:564)
	at org.jboss.netty.channel.DefaultChannelPipeline.sendUpstream(DefaultChannelPipeline.java:559)
	at org.jboss.netty.channel.Channels.fireMessageReceived(Channels.java:268)
	at org.jboss.netty.channel.Channels.fireMessageReceived(Channels.java:255)
	at org.jboss.netty.channel.socket.nio.NioWorker.read(NioWorker.java:88)
	at org.jboss.netty.channel.socket.nio.AbstractNioWorker.process(AbstractNioWorker.java:108)
	at org.jboss.netty.channel.socket.nio.AbstractNioSelector.run(AbstractNioSelector.java:337)
	at org.jboss.netty.channel.socket.nio.AbstractNioWorker.run(AbstractNioWorker.java:89)
	at org.jboss.netty.channel.socket.nio.NioWorker.run(NioWorker.java:178)
	at org.jboss.netty.util.ThreadRenamingRunnable.run(ThreadRenamingRunnable.java:108)
	at org.jboss.netty.util.internal.DeadLockProofWorker$1.run(DeadLockProofWorker.java:42)
	at java.util.concurrent.ThreadPoolExecutor.runWorker(ThreadPoolExecutor.java:1142)
	at java.util.concurrent.ThreadPoolExecutor$Worker.run(ThreadPoolExecutor.java:617)
	at java.lang.Thread.run(Thread.java:745)
[2015-10-29 10:51:04,953][INFO ][rest.suppressed          ] /logstash-*/_mapping/field/* Params: {ignore_unavailable=false, allow_no_indices=false, index=logstash-*, include_defaults=true, fields=*, _=1446115864938}
[logstash-*] IndexNotFoundException[no such index]
	at org.elasticsearch.cluster.metadata.IndexNameExpressionResolver$WildcardExpressionResolver.resolve(IndexNameExpressionResolver.java:630)
	at org.elasticsearch.cluster.metadata.IndexNameExpressionResolver.concreteIndices(IndexNameExpressionResolver.java:127)
	at org.elasticsearch.cluster.metadata.IndexNameExpressionResolver.concreteIndices(IndexNameExpressionResolver.java:71)
	at org.elasticsearch.action.admin.indices.mapping.get.TransportGetFieldMappingsAction.doExecute(TransportGetFieldMappingsAction.java:57)
	at org.elasticsearch.action.admin.indices.mapping.get.TransportGetFieldMappingsAction.doExecute(TransportGetFieldMappingsAction.java:40)
	at org.elasticsearch.action.support.TransportAction.execute(TransportAction.java:70)
	at org.elasticsearch.client.node.NodeClient.doExecute(NodeClient.java:58)
	at org.elasticsearch.client.support.AbstractClient.execute(AbstractClient.java:347)
	at org.elasticsearch.client.FilterClient.doExecute(FilterClient.java:52)
	at org.elasticsearch.rest.BaseRestHandler$HeadersAndContextCopyClient.doExecute(BaseRestHandler.java:83)
	at org.elasticsearch.client.support.AbstractClient.execute(AbstractClient.java:347)
	at org.elasticsearch.client.support.AbstractClient$IndicesAdmin.execute(AbstractClient.java:1177)
	at org.elasticsearch.client.support.AbstractClient$IndicesAdmin.getFieldMappings(AbstractClient.java:1377)
	at org.elasticsearch.rest.action.admin.indices.mapping.get.RestGetFieldMappingAction.handleRequest(RestGetFieldMappingAction.java:66)
	at org.elasticsearch.rest.BaseRestHandler.handleRequest(BaseRestHandler.java:54)
	at org.elasticsearch.rest.RestController.executeHandler(RestController.java:207)
	at org.elasticsearch.rest.RestController.dispatchRequest(RestController.java:166)
	at org.elasticsearch.http.HttpServer.internalDispatchRequest(HttpServer.java:128)
	at org.elasticsearch.http.HttpServer$Dispatcher.dispatchRequest(HttpServer.java:86)
	at org.elasticsearch.http.netty.NettyHttpServerTransport.dispatchRequest(NettyHttpServerTransport.java:348)
	at org.elasticsearch.http.netty.HttpRequestHandler.messageReceived(HttpRequestHandler.java:63)
	at org.jboss.netty.channel.SimpleChannelUpstreamHandler.handleUpstream(SimpleChannelUpstreamHandler.java:70)
	at org.jboss.netty.channel.DefaultChannelPipeline.sendUpstream(DefaultChannelPipeline.java:564)
	at org.jboss.netty.channel.DefaultChannelPipeline$DefaultChannelHandlerContext.sendUpstream(DefaultChannelPipeline.java:791)
	at org.elasticsearch.http.netty.pipelining.HttpPipeliningHandler.messageReceived(HttpPipeliningHandler.java:60)
	at org.jboss.netty.channel.SimpleChannelHandler.handleUpstream(SimpleChannelHandler.java:88)
	at org.jboss.netty.channel.DefaultChannelPipeline.sendUpstream(DefaultChannelPipeline.java:564)
	at org.jboss.netty.channel.DefaultChannelPipeline$DefaultChannelHandlerContext.sendUpstream(DefaultChannelPipeline.java:791)
	at org.jboss.netty.handler.codec.http.HttpChunkAggregator.messageReceived(HttpChunkAggregator.java:145)
	at org.jboss.netty.channel.SimpleChannelUpstreamHandler.handleUpstream(SimpleChannelUpstreamHandler.java:70)
	at org.jboss.netty.channel.DefaultChannelPipeline.sendUpstream(DefaultChannelPipeline.java:564)
	at org.jboss.netty.channel.DefaultChannelPipeline$DefaultChannelHandlerContext.sendUpstream(DefaultChannelPipeline.java:791)
	at org.jboss.netty.handler.codec.http.HttpContentDecoder.messageReceived(HttpContentDecoder.java:108)
	at org.jboss.netty.channel.SimpleChannelUpstreamHandler.handleUpstream(SimpleChannelUpstreamHandler.java:70)
	at org.jboss.netty.channel.DefaultChannelPipeline.sendUpstream(DefaultChannelPipeline.java:564)
	at org.jboss.netty.channel.DefaultChannelPipeline$DefaultChannelHandlerContext.sendUpstream(DefaultChannelPipeline.java:791)
	at org.jboss.netty.channel.Channels.fireMessageReceived(Channels.java:296)
	at org.jboss.netty.handler.codec.frame.FrameDecoder.unfoldAndFireMessageReceived(FrameDecoder.java:459)
	at org.jboss.netty.handler.codec.replay.ReplayingDecoder.callDecode(ReplayingDecoder.java:536)
	at org.jboss.netty.handler.codec.replay.ReplayingDecoder.messageReceived(ReplayingDecoder.java:435)
	at org.jboss.netty.channel.SimpleChannelUpstreamHandler.handleUpstream(SimpleChannelUpstreamHandler.java:70)
	at org.jboss.netty.channel.DefaultChannelPipeline.sendUpstream(DefaultChannelPipeline.java:564)
	at org.jboss.netty.channel.DefaultChannelPipeline$DefaultChannelHandlerContext.sendUpstream(DefaultChannelPipeline.java:791)
	at org.elasticsearch.common.netty.OpenChannelsHandler.handleUpstream(OpenChannelsHandler.java:75)
	at org.jboss.netty.channel.DefaultChannelPipeline.sendUpstream(DefaultChannelPipeline.java:564)
	at org.jboss.netty.channel.DefaultChannelPipeline.sendUpstream(DefaultChannelPipeline.java:559)
	at org.jboss.netty.channel.Channels.fireMessageReceived(Channels.java:268)
	at org.jboss.netty.channel.Channels.fireMessageReceived(Channels.java:255)
	at org.jboss.netty.channel.socket.nio.NioWorker.read(NioWorker.java:88)
	at org.jboss.netty.channel.socket.nio.AbstractNioWorker.process(AbstractNioWorker.java:108)
	at org.jboss.netty.channel.socket.nio.AbstractNioSelector.run(AbstractNioSelector.java:337)
	at org.jboss.netty.channel.socket.nio.AbstractNioWorker.run(AbstractNioWorker.java:89)
	at org.jboss.netty.channel.socket.nio.NioWorker.run(NioWorker.java:178)
	at org.jboss.netty.util.ThreadRenamingRunnable.run(ThreadRenamingRunnable.java:108)
	at org.jboss.netty.util.internal.DeadLockProofWorker$1.run(DeadLockProofWorker.java:42)
	at java.util.concurrent.ThreadPoolExecutor.runWorker(ThreadPoolExecutor.java:1142)
	at java.util.concurrent.ThreadPoolExecutor$Worker.run(ThreadPoolExecutor.java:617)
	at java.lang.Thread.run(Thread.java:745)
[2015-10-29 10:51:07,255][INFO ][rest.suppressed          ] /logstash-*/_mapping/field/* Params: {ignore_unavailable=false, allow_no_indices=false, index=logstash-*, include_defaults=true, fields=*, _=1446115867243}
[logstash-*] IndexNotFoundException[no such index]
	at org.elasticsearch.cluster.metadata.IndexNameExpressionResolver$WildcardExpressionResolver.resolve(IndexNameExpressionResolver.java:630)
	at org.elasticsearch.cluster.metadata.IndexNameExpressionResolver.concreteIndices(IndexNameExpressionResolver.java:127)
	at org.elasticsearch.cluster.metadata.IndexNameExpressionResolver.concreteIndices(IndexNameExpressionResolver.java:71)
	at org.elasticsearch.action.admin.indices.mapping.get.TransportGetFieldMappingsAction.doExecute(TransportGetFieldMappingsAction.java:57)
	at org.elasticsearch.action.admin.indices.mapping.get.TransportGetFieldMappingsAction.doExecute(TransportGetFieldMappingsAction.java:40)
	at org.elasticsearch.action.support.TransportAction.execute(TransportAction.java:70)
	at org.elasticsearch.client.node.NodeClient.doExecute(NodeClient.java:58)
	at org.elasticsearch.client.support.AbstractClient.execute(AbstractClient.java:347)
	at org.elasticsearch.client.FilterClient.doExecute(FilterClient.java:52)
	at org.elasticsearch.rest.BaseRestHandler$HeadersAndContextCopyClient.doExecute(BaseRestHandler.java:83)
	at org.elasticsearch.client.support.AbstractClient.execute(AbstractClient.java:347)
	at org.elasticsearch.client.support.AbstractClient$IndicesAdmin.execute(AbstractClient.java:1177)
	at org.elasticsearch.client.support.AbstractClient$IndicesAdmin.getFieldMappings(AbstractClient.java:1377)
	at org.elasticsearch.rest.action.admin.indices.mapping.get.RestGetFieldMappingAction.handleRequest(RestGetFieldMappingAction.java:66)
	at org.elasticsearch.rest.BaseRestHandler.handleRequest(BaseRestHandler.java:54)
	at org.elasticsearch.rest.RestController.executeHandler(RestController.java:207)
	at org.elasticsearch.rest.RestController.dispatchRequest(RestController.java:166)
	at org.elasticsearch.http.HttpServer.internalDispatchRequest(HttpServer.java:128)
	at org.elasticsearch.http.HttpServer$Dispatcher.dispatchRequest(HttpServer.java:86)
	at org.elasticsearch.http.netty.NettyHttpServerTransport.dispatchRequest(NettyHttpServerTransport.java:348)
	at org.elasticsearch.http.netty.HttpRequestHandler.messageReceived(HttpRequestHandler.java:63)
	at org.jboss.netty.channel.SimpleChannelUpstreamHandler.handleUpstream(SimpleChannelUpstreamHandler.java:70)
	at org.jboss.netty.channel.DefaultChannelPipeline.sendUpstream(DefaultChannelPipeline.java:564)
	at org.jboss.netty.channel.DefaultChannelPipeline$DefaultChannelHandlerContext.sendUpstream(DefaultChannelPipeline.java:791)
	at org.elasticsearch.http.netty.pipelining.HttpPipeliningHandler.messageReceived(HttpPipeliningHandler.java:60)
	at org.jboss.netty.channel.SimpleChannelHandler.handleUpstream(SimpleChannelHandler.java:88)
	at org.jboss.netty.channel.DefaultChannelPipeline.sendUpstream(DefaultChannelPipeline.java:564)
	at org.jboss.netty.channel.DefaultChannelPipeline$DefaultChannelHandlerContext.sendUpstream(DefaultChannelPipeline.java:791)
	at org.jboss.netty.handler.codec.http.HttpChunkAggregator.messageReceived(HttpChunkAggregator.java:145)
	at org.jboss.netty.channel.SimpleChannelUpstreamHandler.handleUpstream(SimpleChannelUpstreamHandler.java:70)
	at org.jboss.netty.channel.DefaultChannelPipeline.sendUpstream(DefaultChannelPipeline.java:564)
	at org.jboss.netty.channel.DefaultChannelPipeline$DefaultChannelHandlerContext.sendUpstream(DefaultChannelPipeline.java:791)
	at org.jboss.netty.handler.codec.http.HttpContentDecoder.messageReceived(HttpContentDecoder.java:108)
	at org.jboss.netty.channel.SimpleChannelUpstreamHandler.handleUpstream(SimpleChannelUpstreamHandler.java:70)
	at org.jboss.netty.channel.DefaultChannelPipeline.sendUpstream(DefaultChannelPipeline.java:564)
	at org.jboss.netty.channel.DefaultChannelPipeline$DefaultChannelHandlerContext.sendUpstream(DefaultChannelPipeline.java:791)
	at org.jboss.netty.channel.Channels.fireMessageReceived(Channels.java:296)
	at org.jboss.netty.handler.codec.frame.FrameDecoder.unfoldAndFireMessageReceived(FrameDecoder.java:459)
	at org.jboss.netty.handler.codec.replay.ReplayingDecoder.callDecode(ReplayingDecoder.java:536)
	at org.jboss.netty.handler.codec.replay.ReplayingDecoder.messageReceived(ReplayingDecoder.java:435)
	at org.jboss.netty.channel.SimpleChannelUpstreamHandler.handleUpstream(SimpleChannelUpstreamHandler.java:70)
	at org.jboss.netty.channel.DefaultChannelPipeline.sendUpstream(DefaultChannelPipeline.java:564)
	at org.jboss.netty.channel.DefaultChannelPipeline$DefaultChannelHandlerContext.sendUpstream(DefaultChannelPipeline.java:791)
	at org.elasticsearch.common.netty.OpenChannelsHandler.handleUpstream(OpenChannelsHandler.java:75)
	at org.jboss.netty.channel.DefaultChannelPipeline.sendUpstream(DefaultChannelPipeline.java:564)
	at org.jboss.netty.channel.DefaultChannelPipeline.sendUpstream(DefaultChannelPipeline.java:559)
	at org.jboss.netty.channel.Channels.fireMessageReceived(Channels.java:268)
	at org.jboss.netty.channel.Channels.fireMessageReceived(Channels.java:255)
	at org.jboss.netty.channel.socket.nio.NioWorker.read(NioWorker.java:88)
	at org.jboss.netty.channel.socket.nio.AbstractNioWorker.process(AbstractNioWorker.java:108)
	at org.jboss.netty.channel.socket.nio.AbstractNioSelector.run(AbstractNioSelector.java:337)
	at org.jboss.netty.channel.socket.nio.AbstractNioWorker.run(AbstractNioWorker.java:89)
	at org.jboss.netty.channel.socket.nio.NioWorker.run(NioWorker.java:178)
	at org.jboss.netty.util.ThreadRenamingRunnable.run(ThreadRenamingRunnable.java:108)
	at org.jboss.netty.util.internal.DeadLockProofWorker$1.run(DeadLockProofWorker.java:42)
	at java.util.concurrent.ThreadPoolExecutor.runWorker(ThreadPoolExecutor.java:1142)
	at java.util.concurrent.ThreadPoolExecutor$Worker.run(ThreadPoolExecutor.java:617)
	at java.lang.Thread.run(Thread.java:745)
[2015-10-29 10:51:18,530][INFO ][rest.suppressed          ] /logstash-*/_mapping/field/* Params: {ignore_unavailable=false, allow_no_indices=false, index=logstash-*, include_defaults=true, fields=*, _=1446115878518}
[logstash-*] IndexNotFoundException[no such index]
	at org.elasticsearch.cluster.metadata.IndexNameExpressionResolver$WildcardExpressionResolver.resolve(IndexNameExpressionResolver.java:630)
	at org.elasticsearch.cluster.metadata.IndexNameExpressionResolver.concreteIndices(IndexNameExpressionResolver.java:127)
	at org.elasticsearch.cluster.metadata.IndexNameExpressionResolver.concreteIndices(IndexNameExpressionResolver.java:71)
	at org.elasticsearch.action.admin.indices.mapping.get.TransportGetFieldMappingsAction.doExecute(TransportGetFieldMappingsAction.java:57)
	at org.elasticsearch.action.admin.indices.mapping.get.TransportGetFieldMappingsAction.doExecute(TransportGetFieldMappingsAction.java:40)
	at org.elasticsearch.action.support.TransportAction.execute(TransportAction.java:70)
	at org.elasticsearch.client.node.NodeClient.doExecute(NodeClient.java:58)
	at org.elasticsearch.client.support.AbstractClient.execute(AbstractClient.java:347)
	at org.elasticsearch.client.FilterClient.doExecute(FilterClient.java:52)
	at org.elasticsearch.rest.BaseRestHandler$HeadersAndContextCopyClient.doExecute(BaseRestHandler.java:83)
	at org.elasticsearch.client.support.AbstractClient.execute(AbstractClient.java:347)
	at org.elasticsearch.client.support.AbstractClient$IndicesAdmin.execute(AbstractClient.java:1177)
	at org.elasticsearch.client.support.AbstractClient$IndicesAdmin.getFieldMappings(AbstractClient.java:1377)
	at org.elasticsearch.rest.action.admin.indices.mapping.get.RestGetFieldMappingAction.handleRequest(RestGetFieldMappingAction.java:66)
	at org.elasticsearch.rest.BaseRestHandler.handleRequest(BaseRestHandler.java:54)
	at org.elasticsearch.rest.RestController.executeHandler(RestController.java:207)
	at org.elasticsearch.rest.RestController.dispatchRequest(RestController.java:166)
	at org.elasticsearch.http.HttpServer.internalDispatchRequest(HttpServer.java:128)
	at org.elasticsearch.http.HttpServer$Dispatcher.dispatchRequest(HttpServer.java:86)
	at org.elasticsearch.http.netty.NettyHttpServerTransport.dispatchRequest(NettyHttpServerTransport.java:348)
	at org.elasticsearch.http.netty.HttpRequestHandler.messageReceived(HttpRequestHandler.java:63)
	at org.jboss.netty.channel.SimpleChannelUpstreamHandler.handleUpstream(SimpleChannelUpstreamHandler.java:70)
	at org.jboss.netty.channel.DefaultChannelPipeline.sendUpstream(DefaultChannelPipeline.java:564)
	at org.jboss.netty.channel.DefaultChannelPipeline$DefaultChannelHandlerContext.sendUpstream(DefaultChannelPipeline.java:791)
	at org.elasticsearch.http.netty.pipelining.HttpPipeliningHandler.messageReceived(HttpPipeliningHandler.java:60)
	at org.jboss.netty.channel.SimpleChannelHandler.handleUpstream(SimpleChannelHandler.java:88)
	at org.jboss.netty.channel.DefaultChannelPipeline.sendUpstream(DefaultChannelPipeline.java:564)
	at org.jboss.netty.channel.DefaultChannelPipeline$DefaultChannelHandlerContext.sendUpstream(DefaultChannelPipeline.java:791)
	at org.jboss.netty.handler.codec.http.HttpChunkAggregator.messageReceived(HttpChunkAggregator.java:145)
	at org.jboss.netty.channel.SimpleChannelUpstreamHandler.handleUpstream(SimpleChannelUpstreamHandler.java:70)
	at org.jboss.netty.channel.DefaultChannelPipeline.sendUpstream(DefaultChannelPipeline.java:564)
	at org.jboss.netty.channel.DefaultChannelPipeline$DefaultChannelHandlerContext.sendUpstream(DefaultChannelPipeline.java:791)
	at org.jboss.netty.handler.codec.http.HttpContentDecoder.messageReceived(HttpContentDecoder.java:108)
	at org.jboss.netty.channel.SimpleChannelUpstreamHandler.handleUpstream(SimpleChannelUpstreamHandler.java:70)
	at org.jboss.netty.channel.DefaultChannelPipeline.sendUpstream(DefaultChannelPipeline.java:564)
	at org.jboss.netty.channel.DefaultChannelPipeline$DefaultChannelHandlerContext.sendUpstream(DefaultChannelPipeline.java:791)
	at org.jboss.netty.channel.Channels.fireMessageReceived(Channels.java:296)
	at org.jboss.netty.handler.codec.frame.FrameDecoder.unfoldAndFireMessageReceived(FrameDecoder.java:459)
	at org.jboss.netty.handler.codec.replay.ReplayingDecoder.callDecode(ReplayingDecoder.java:536)
	at org.jboss.netty.handler.codec.replay.ReplayingDecoder.messageReceived(ReplayingDecoder.java:435)
	at org.jboss.netty.channel.SimpleChannelUpstreamHandler.handleUpstream(SimpleChannelUpstreamHandler.java:70)
	at org.jboss.netty.channel.DefaultChannelPipeline.sendUpstream(DefaultChannelPipeline.java:564)
	at org.jboss.netty.channel.DefaultChannelPipeline$DefaultChannelHandlerContext.sendUpstream(DefaultChannelPipeline.java:791)
	at org.elasticsearch.common.netty.OpenChannelsHandler.handleUpstream(OpenChannelsHandler.java:75)
	at org.jboss.netty.channel.DefaultChannelPipeline.sendUpstream(DefaultChannelPipeline.java:564)
	at org.jboss.netty.channel.DefaultChannelPipeline.sendUpstream(DefaultChannelPipeline.java:559)
	at org.jboss.netty.channel.Channels.fireMessageReceived(Channels.java:268)
	at org.jboss.netty.channel.Channels.fireMessageReceived(Channels.java:255)
	at org.jboss.netty.channel.socket.nio.NioWorker.read(NioWorker.java:88)
	at org.jboss.netty.channel.socket.nio.AbstractNioWorker.process(AbstractNioWorker.java:108)
	at org.jboss.netty.channel.socket.nio.AbstractNioSelector.run(AbstractNioSelector.java:337)
	at org.jboss.netty.channel.socket.nio.AbstractNioWorker.run(AbstractNioWorker.java:89)
	at org.jboss.netty.channel.socket.nio.NioWorker.run(NioWorker.java:178)
	at org.jboss.netty.util.ThreadRenamingRunnable.run(ThreadRenamingRunnable.java:108)
	at org.jboss.netty.util.internal.DeadLockProofWorker$1.run(DeadLockProofWorker.java:42)
	at java.util.concurrent.ThreadPoolExecutor.runWorker(ThreadPoolExecutor.java:1142)
	at java.util.concurrent.ThreadPoolExecutor$Worker.run(ThreadPoolExecutor.java:617)
	at java.lang.Thread.run(Thread.java:745)
[2015-10-29 10:51:20,183][INFO ][rest.suppressed          ] /logstash-*/_mapping/field/* Params: {ignore_unavailable=false, allow_no_indices=false, index=logstash-*, include_defaults=true, fields=*, _=1446115880160}
[logstash-*] IndexNotFoundException[no such index]
	at org.elasticsearch.cluster.metadata.IndexNameExpressionResolver$WildcardExpressionResolver.resolve(IndexNameExpressionResolver.java:630)
	at org.elasticsearch.cluster.metadata.IndexNameExpressionResolver.concreteIndices(IndexNameExpressionResolver.java:127)
	at org.elasticsearch.cluster.metadata.IndexNameExpressionResolver.concreteIndices(IndexNameExpressionResolver.java:71)
	at org.elasticsearch.action.admin.indices.mapping.get.TransportGetFieldMappingsAction.doExecute(TransportGetFieldMappingsAction.java:57)
	at org.elasticsearch.action.admin.indices.mapping.get.TransportGetFieldMappingsAction.doExecute(TransportGetFieldMappingsAction.java:40)
	at org.elasticsearch.action.support.TransportAction.execute(TransportAction.java:70)
	at org.elasticsearch.client.node.NodeClient.doExecute(NodeClient.java:58)
	at org.elasticsearch.client.support.AbstractClient.execute(AbstractClient.java:347)
	at org.elasticsearch.client.FilterClient.doExecute(FilterClient.java:52)
	at org.elasticsearch.rest.BaseRestHandler$HeadersAndContextCopyClient.doExecute(BaseRestHandler.java:83)
	at org.elasticsearch.client.support.AbstractClient.execute(AbstractClient.java:347)
	at org.elasticsearch.client.support.AbstractClient$IndicesAdmin.execute(AbstractClient.java:1177)
	at org.elasticsearch.client.support.AbstractClient$IndicesAdmin.getFieldMappings(AbstractClient.java:1377)
	at org.elasticsearch.rest.action.admin.indices.mapping.get.RestGetFieldMappingAction.handleRequest(RestGetFieldMappingAction.java:66)
	at org.elasticsearch.rest.BaseRestHandler.handleRequest(BaseRestHandler.java:54)
	at org.elasticsearch.rest.RestController.executeHandler(RestController.java:207)
	at org.elasticsearch.rest.RestController.dispatchRequest(RestController.java:166)
	at org.elasticsearch.http.HttpServer.internalDispatchRequest(HttpServer.java:128)
	at org.elasticsearch.http.HttpServer$Dispatcher.dispatchRequest(HttpServer.java:86)
	at org.elasticsearch.http.netty.NettyHttpServerTransport.dispatchRequest(NettyHttpServerTransport.java:348)
	at org.elasticsearch.http.netty.HttpRequestHandler.messageReceived(HttpRequestHandler.java:63)
	at org.jboss.netty.channel.SimpleChannelUpstreamHandler.handleUpstream(SimpleChannelUpstreamHandler.java:70)
	at org.jboss.netty.channel.DefaultChannelPipeline.sendUpstream(DefaultChannelPipeline.java:564)
	at org.jboss.netty.channel.DefaultChannelPipeline$DefaultChannelHandlerContext.sendUpstream(DefaultChannelPipeline.java:791)
	at org.elasticsearch.http.netty.pipelining.HttpPipeliningHandler.messageReceived(HttpPipeliningHandler.java:60)
	at org.jboss.netty.channel.SimpleChannelHandler.handleUpstream(SimpleChannelHandler.java:88)
	at org.jboss.netty.channel.DefaultChannelPipeline.sendUpstream(DefaultChannelPipeline.java:564)
	at org.jboss.netty.channel.DefaultChannelPipeline$DefaultChannelHandlerContext.sendUpstream(DefaultChannelPipeline.java:791)
	at org.jboss.netty.handler.codec.http.HttpChunkAggregator.messageReceived(HttpChunkAggregator.java:145)
	at org.jboss.netty.channel.SimpleChannelUpstreamHandler.handleUpstream(SimpleChannelUpstreamHandler.java:70)
	at org.jboss.netty.channel.DefaultChannelPipeline.sendUpstream(DefaultChannelPipeline.java:564)
	at org.jboss.netty.channel.DefaultChannelPipeline$DefaultChannelHandlerContext.sendUpstream(DefaultChannelPipeline.java:791)
	at org.jboss.netty.handler.codec.http.HttpContentDecoder.messageReceived(HttpContentDecoder.java:108)
	at org.jboss.netty.channel.SimpleChannelUpstreamHandler.handleUpstream(SimpleChannelUpstreamHandler.java:70)
	at org.jboss.netty.channel.DefaultChannelPipeline.sendUpstream(DefaultChannelPipeline.java:564)
	at org.jboss.netty.channel.DefaultChannelPipeline$DefaultChannelHandlerContext.sendUpstream(DefaultChannelPipeline.java:791)
	at org.jboss.netty.channel.Channels.fireMessageReceived(Channels.java:296)
	at org.jboss.netty.handler.codec.frame.FrameDecoder.unfoldAndFireMessageReceived(FrameDecoder.java:459)
	at org.jboss.netty.handler.codec.replay.ReplayingDecoder.callDecode(ReplayingDecoder.java:536)
	at org.jboss.netty.handler.codec.replay.ReplayingDecoder.messageReceived(ReplayingDecoder.java:435)
	at org.jboss.netty.channel.SimpleChannelUpstreamHandler.handleUpstream(SimpleChannelUpstreamHandler.java:70)
	at org.jboss.netty.channel.DefaultChannelPipeline.sendUpstream(DefaultChannelPipeline.java:564)
	at org.jboss.netty.channel.DefaultChannelPipeline$DefaultChannelHandlerContext.sendUpstream(DefaultChannelPipeline.java:791)
	at org.elasticsearch.common.netty.OpenChannelsHandler.handleUpstream(OpenChannelsHandler.java:75)
	at org.jboss.netty.channel.DefaultChannelPipeline.sendUpstream(DefaultChannelPipeline.java:564)
	at org.jboss.netty.channel.DefaultChannelPipeline.sendUpstream(DefaultChannelPipeline.java:559)
	at org.jboss.netty.channel.Channels.fireMessageReceived(Channels.java:268)
	at org.jboss.netty.channel.Channels.fireMessageReceived(Channels.java:255)
	at org.jboss.netty.channel.socket.nio.NioWorker.read(NioWorker.java:88)
	at org.jboss.netty.channel.socket.nio.AbstractNioWorker.process(AbstractNioWorker.java:108)
	at org.jboss.netty.channel.socket.nio.AbstractNioSelector.run(AbstractNioSelector.java:337)
	at org.jboss.netty.channel.socket.nio.AbstractNioWorker.run(AbstractNioWorker.java:89)
	at org.jboss.netty.channel.socket.nio.NioWorker.run(NioWorker.java:178)
	at org.jboss.netty.util.ThreadRenamingRunnable.run(ThreadRenamingRunnable.java:108)
	at org.jboss.netty.util.internal.DeadLockProofWorker$1.run(DeadLockProofWorker.java:42)
	at java.util.concurrent.ThreadPoolExecutor.runWorker(ThreadPoolExecutor.java:1142)
	at java.util.concurrent.ThreadPoolExecutor$Worker.run(ThreadPoolExecutor.java:617)
	at java.lang.Thread.run(Thread.java:745)
[2015-10-29 10:51:23,897][INFO ][rest.suppressed          ] /logstash-*/_mapping/field/* Params: {ignore_unavailable=false, allow_no_indices=false, index=logstash-*, include_defaults=true, fields=*, _=1446115883882}
[logstash-*] IndexNotFoundException[no such index]
	at org.elasticsearch.cluster.metadata.IndexNameExpressionResolver$WildcardExpressionResolver.resolve(IndexNameExpressionResolver.java:630)
	at org.elasticsearch.cluster.metadata.IndexNameExpressionResolver.concreteIndices(IndexNameExpressionResolver.java:127)
	at org.elasticsearch.cluster.metadata.IndexNameExpressionResolver.concreteIndices(IndexNameExpressionResolver.java:71)
	at org.elasticsearch.action.admin.indices.mapping.get.TransportGetFieldMappingsAction.doExecute(TransportGetFieldMappingsAction.java:57)
	at org.elasticsearch.action.admin.indices.mapping.get.TransportGetFieldMappingsAction.doExecute(TransportGetFieldMappingsAction.java:40)
	at org.elasticsearch.action.support.TransportAction.execute(TransportAction.java:70)
	at org.elasticsearch.client.node.NodeClient.doExecute(NodeClient.java:58)
	at org.elasticsearch.client.support.AbstractClient.execute(AbstractClient.java:347)
	at org.elasticsearch.client.FilterClient.doExecute(FilterClient.java:52)
	at org.elasticsearch.rest.BaseRestHandler$HeadersAndContextCopyClient.doExecute(BaseRestHandler.java:83)
	at org.elasticsearch.client.support.AbstractClient.execute(AbstractClient.java:347)
	at org.elasticsearch.client.support.AbstractClient$IndicesAdmin.execute(AbstractClient.java:1177)
	at org.elasticsearch.client.support.AbstractClient$IndicesAdmin.getFieldMappings(AbstractClient.java:1377)
	at org.elasticsearch.rest.action.admin.indices.mapping.get.RestGetFieldMappingAction.handleRequest(RestGetFieldMappingAction.java:66)
	at org.elasticsearch.rest.BaseRestHandler.handleRequest(BaseRestHandler.java:54)
	at org.elasticsearch.rest.RestController.executeHandler(RestController.java:207)
	at org.elasticsearch.rest.RestController.dispatchRequest(RestController.java:166)
	at org.elasticsearch.http.HttpServer.internalDispatchRequest(HttpServer.java:128)
	at org.elasticsearch.http.HttpServer$Dispatcher.dispatchRequest(HttpServer.java:86)
	at org.elasticsearch.http.netty.NettyHttpServerTransport.dispatchRequest(NettyHttpServerTransport.java:348)
	at org.elasticsearch.http.netty.HttpRequestHandler.messageReceived(HttpRequestHandler.java:63)
	at org.jboss.netty.channel.SimpleChannelUpstreamHandler.handleUpstream(SimpleChannelUpstreamHandler.java:70)
	at org.jboss.netty.channel.DefaultChannelPipeline.sendUpstream(DefaultChannelPipeline.java:564)
	at org.jboss.netty.channel.DefaultChannelPipeline$DefaultChannelHandlerContext.sendUpstream(DefaultChannelPipeline.java:791)
	at org.elasticsearch.http.netty.pipelining.HttpPipeliningHandler.messageReceived(HttpPipeliningHandler.java:60)
	at org.jboss.netty.channel.SimpleChannelHandler.handleUpstream(SimpleChannelHandler.java:88)
	at org.jboss.netty.channel.DefaultChannelPipeline.sendUpstream(DefaultChannelPipeline.java:564)
	at org.jboss.netty.channel.DefaultChannelPipeline$DefaultChannelHandlerContext.sendUpstream(DefaultChannelPipeline.java:791)
	at org.jboss.netty.handler.codec.http.HttpChunkAggregator.messageReceived(HttpChunkAggregator.java:145)
	at org.jboss.netty.channel.SimpleChannelUpstreamHandler.handleUpstream(SimpleChannelUpstreamHandler.java:70)
	at org.jboss.netty.channel.DefaultChannelPipeline.sendUpstream(DefaultChannelPipeline.java:564)
	at org.jboss.netty.channel.DefaultChannelPipeline$DefaultChannelHandlerContext.sendUpstream(DefaultChannelPipeline.java:791)
	at org.jboss.netty.handler.codec.http.HttpContentDecoder.messageReceived(HttpContentDecoder.java:108)
	at org.jboss.netty.channel.SimpleChannelUpstreamHandler.handleUpstream(SimpleChannelUpstreamHandler.java:70)
	at org.jboss.netty.channel.DefaultChannelPipeline.sendUpstream(DefaultChannelPipeline.java:564)
	at org.jboss.netty.channel.DefaultChannelPipeline$DefaultChannelHandlerContext.sendUpstream(DefaultChannelPipeline.java:791)
	at org.jboss.netty.channel.Channels.fireMessageReceived(Channels.java:296)
	at org.jboss.netty.handler.codec.frame.FrameDecoder.unfoldAndFireMessageReceived(FrameDecoder.java:459)
	at org.jboss.netty.handler.codec.replay.ReplayingDecoder.callDecode(ReplayingDecoder.java:536)
	at org.jboss.netty.handler.codec.replay.ReplayingDecoder.messageReceived(ReplayingDecoder.java:435)
	at org.jboss.netty.channel.SimpleChannelUpstreamHandler.handleUpstream(SimpleChannelUpstreamHandler.java:70)
	at org.jboss.netty.channel.DefaultChannelPipeline.sendUpstream(DefaultChannelPipeline.java:564)
	at org.jboss.netty.channel.DefaultChannelPipeline$DefaultChannelHandlerContext.sendUpstream(DefaultChannelPipeline.java:791)
	at org.elasticsearch.common.netty.OpenChannelsHandler.handleUpstream(OpenChannelsHandler.java:75)
	at org.jboss.netty.channel.DefaultChannelPipeline.sendUpstream(DefaultChannelPipeline.java:564)
	at org.jboss.netty.channel.DefaultChannelPipeline.sendUpstream(DefaultChannelPipeline.java:559)
	at org.jboss.netty.channel.Channels.fireMessageReceived(Channels.java:268)
	at org.jboss.netty.channel.Channels.fireMessageReceived(Channels.java:255)
	at org.jboss.netty.channel.socket.nio.NioWorker.read(NioWorker.java:88)
	at org.jboss.netty.channel.socket.nio.AbstractNioWorker.process(AbstractNioWorker.java:108)
	at org.jboss.netty.channel.socket.nio.AbstractNioSelector.run(AbstractNioSelector.java:337)
	at org.jboss.netty.channel.socket.nio.AbstractNioWorker.run(AbstractNioWorker.java:89)
	at org.jboss.netty.channel.socket.nio.NioWorker.run(NioWorker.java:178)
	at org.jboss.netty.util.ThreadRenamingRunnable.run(ThreadRenamingRunnable.java:108)
	at org.jboss.netty.util.internal.DeadLockProofWorker$1.run(DeadLockProofWorker.java:42)
	at java.util.concurrent.ThreadPoolExecutor.runWorker(ThreadPoolExecutor.java:1142)
	at java.util.concurrent.ThreadPoolExecutor$Worker.run(ThreadPoolExecutor.java:617)
	at java.lang.Thread.run(Thread.java:745)
[2015-10-29 10:52:26,713][INFO ][cluster.metadata         ] [Bogeyman] [.kibana] update_mapping [config]
[2015-10-29 10:52:38,059][INFO ][cluster.metadata         ] [Bogeyman] [.kibana] create_mapping [search]
[2015-10-29 10:54:43,782][INFO ][rest.suppressed          ] /logstash-*/_mapping/field/* Params: {ignore_unavailable=false, allow_no_indices=false, index=logstash-*, include_defaults=true, fields=*, _=1446116083772}
[logstash-*] IndexNotFoundException[no such index]
	at org.elasticsearch.cluster.metadata.IndexNameExpressionResolver$WildcardExpressionResolver.resolve(IndexNameExpressionResolver.java:630)
	at org.elasticsearch.cluster.metadata.IndexNameExpressionResolver.concreteIndices(IndexNameExpressionResolver.java:127)
	at org.elasticsearch.cluster.metadata.IndexNameExpressionResolver.concreteIndices(IndexNameExpressionResolver.java:71)
	at org.elasticsearch.action.admin.indices.mapping.get.TransportGetFieldMappingsAction.doExecute(TransportGetFieldMappingsAction.java:57)
	at org.elasticsearch.action.admin.indices.mapping.get.TransportGetFieldMappingsAction.doExecute(TransportGetFieldMappingsAction.java:40)
	at org.elasticsearch.action.support.TransportAction.execute(TransportAction.java:70)
	at org.elasticsearch.client.node.NodeClient.doExecute(NodeClient.java:58)
	at org.elasticsearch.client.support.AbstractClient.execute(AbstractClient.java:347)
	at org.elasticsearch.client.FilterClient.doExecute(FilterClient.java:52)
	at org.elasticsearch.rest.BaseRestHandler$HeadersAndContextCopyClient.doExecute(BaseRestHandler.java:83)
	at org.elasticsearch.client.support.AbstractClient.execute(AbstractClient.java:347)
	at org.elasticsearch.client.support.AbstractClient$IndicesAdmin.execute(AbstractClient.java:1177)
	at org.elasticsearch.client.support.AbstractClient$IndicesAdmin.getFieldMappings(AbstractClient.java:1377)
	at org.elasticsearch.rest.action.admin.indices.mapping.get.RestGetFieldMappingAction.handleRequest(RestGetFieldMappingAction.java:66)
	at org.elasticsearch.rest.BaseRestHandler.handleRequest(BaseRestHandler.java:54)
	at org.elasticsearch.rest.RestController.executeHandler(RestController.java:207)
	at org.elasticsearch.rest.RestController.dispatchRequest(RestController.java:166)
	at org.elasticsearch.http.HttpServer.internalDispatchRequest(HttpServer.java:128)
	at org.elasticsearch.http.HttpServer$Dispatcher.dispatchRequest(HttpServer.java:86)
	at org.elasticsearch.http.netty.NettyHttpServerTransport.dispatchRequest(NettyHttpServerTransport.java:348)
	at org.elasticsearch.http.netty.HttpRequestHandler.messageReceived(HttpRequestHandler.java:63)
	at org.jboss.netty.channel.SimpleChannelUpstreamHandler.handleUpstream(SimpleChannelUpstreamHandler.java:70)
	at org.jboss.netty.channel.DefaultChannelPipeline.sendUpstream(DefaultChannelPipeline.java:564)
	at org.jboss.netty.channel.DefaultChannelPipeline$DefaultChannelHandlerContext.sendUpstream(DefaultChannelPipeline.java:791)
	at org.elasticsearch.http.netty.pipelining.HttpPipeliningHandler.messageReceived(HttpPipeliningHandler.java:60)
	at org.jboss.netty.channel.SimpleChannelHandler.handleUpstream(SimpleChannelHandler.java:88)
	at org.jboss.netty.channel.DefaultChannelPipeline.sendUpstream(DefaultChannelPipeline.java:564)
	at org.jboss.netty.channel.DefaultChannelPipeline$DefaultChannelHandlerContext.sendUpstream(DefaultChannelPipeline.java:791)
	at org.jboss.netty.handler.codec.http.HttpChunkAggregator.messageReceived(HttpChunkAggregator.java:145)
	at org.jboss.netty.channel.SimpleChannelUpstreamHandler.handleUpstream(SimpleChannelUpstreamHandler.java:70)
	at org.jboss.netty.channel.DefaultChannelPipeline.sendUpstream(DefaultChannelPipeline.java:564)
	at org.jboss.netty.channel.DefaultChannelPipeline$DefaultChannelHandlerContext.sendUpstream(DefaultChannelPipeline.java:791)
	at org.jboss.netty.handler.codec.http.HttpContentDecoder.messageReceived(HttpContentDecoder.java:108)
	at org.jboss.netty.channel.SimpleChannelUpstreamHandler.handleUpstream(SimpleChannelUpstreamHandler.java:70)
	at org.jboss.netty.channel.DefaultChannelPipeline.sendUpstream(DefaultChannelPipeline.java:564)
	at org.jboss.netty.channel.DefaultChannelPipeline$DefaultChannelHandlerContext.sendUpstream(DefaultChannelPipeline.java:791)
	at org.jboss.netty.channel.Channels.fireMessageReceived(Channels.java:296)
	at org.jboss.netty.handler.codec.frame.FrameDecoder.unfoldAndFireMessageReceived(FrameDecoder.java:459)
	at org.jboss.netty.handler.codec.replay.ReplayingDecoder.callDecode(ReplayingDecoder.java:536)
	at org.jboss.netty.handler.codec.replay.ReplayingDecoder.messageReceived(ReplayingDecoder.java:435)
	at org.jboss.netty.channel.SimpleChannelUpstreamHandler.handleUpstream(SimpleChannelUpstreamHandler.java:70)
	at org.jboss.netty.channel.DefaultChannelPipeline.sendUpstream(DefaultChannelPipeline.java:564)
	at org.jboss.netty.channel.DefaultChannelPipeline$DefaultChannelHandlerContext.sendUpstream(DefaultChannelPipeline.java:791)
	at org.elasticsearch.common.netty.OpenChannelsHandler.handleUpstream(OpenChannelsHandler.java:75)
	at org.jboss.netty.channel.DefaultChannelPipeline.sendUpstream(DefaultChannelPipeline.java:564)
	at org.jboss.netty.channel.DefaultChannelPipeline.sendUpstream(DefaultChannelPipeline.java:559)
	at org.jboss.netty.channel.Channels.fireMessageReceived(Channels.java:268)
	at org.jboss.netty.channel.Channels.fireMessageReceived(Channels.java:255)
	at org.jboss.netty.channel.socket.nio.NioWorker.read(NioWorker.java:88)
	at org.jboss.netty.channel.socket.nio.AbstractNioWorker.process(AbstractNioWorker.java:108)
	at org.jboss.netty.channel.socket.nio.AbstractNioSelector.run(AbstractNioSelector.java:337)
	at org.jboss.netty.channel.socket.nio.AbstractNioWorker.run(AbstractNioWorker.java:89)
	at org.jboss.netty.channel.socket.nio.NioWorker.run(NioWorker.java:178)
	at org.jboss.netty.util.ThreadRenamingRunnable.run(ThreadRenamingRunnable.java:108)
	at org.jboss.netty.util.internal.DeadLockProofWorker$1.run(DeadLockProofWorker.java:42)
	at java.util.concurrent.ThreadPoolExecutor.runWorker(ThreadPoolExecutor.java:1142)
	at java.util.concurrent.ThreadPoolExecutor$Worker.run(ThreadPoolExecutor.java:617)
	at java.lang.Thread.run(Thread.java:745)
[2015-10-29 10:58:05,705][INFO ][node                     ] [Bogeyman] stopping ...
[2015-10-29 10:58:05,843][INFO ][node                     ] [Bogeyman] stopped
[2015-10-29 10:58:05,843][INFO ][node                     ] [Bogeyman] closing ...
[2015-10-29 10:58:05,851][INFO ][node                     ] [Bogeyman] closed
[2015-10-29 11:02:22,656][INFO ][node                     ] [Arkon] version[2.0.0], pid[8552], build[de54438/2015-10-22T08:09:48Z]
[2015-10-29 11:02:22,660][INFO ][node                     ] [Arkon] initializing ...
[2015-10-29 11:02:22,802][INFO ][plugins                  ] [Arkon] loaded [], sites []
[2015-10-29 11:02:23,670][INFO ][env                      ] [Arkon] using [1] data paths, mounts [[/ (/dev/disk0s2)]], net usable_space [428.3gb], net total_space [464.9gb], spins? [unknown], types [hfs]
[2015-10-29 11:02:26,307][INFO ][node                     ] [Arkon] initialized
[2015-10-29 11:02:26,308][INFO ][node                     ] [Arkon] starting ...
[2015-10-29 11:02:26,535][INFO ][transport                ] [Arkon] publish_address {127.0.0.1:9300}, bound_addresses {127.0.0.1:9300}, {[fe80::1]:9300}, {[::1]:9300}
[2015-10-29 11:02:26,545][INFO ][discovery                ] [Arkon] elasticsearch/IPWa2izBQ5ulrI4OAqYcLQ
[2015-10-29 11:02:29,599][INFO ][cluster.service          ] [Arkon] new_master {Arkon}{IPWa2izBQ5ulrI4OAqYcLQ}{127.0.0.1}{127.0.0.1:9300}, reason: zen-disco-join(elected_as_master, [0] joins received)
[2015-10-29 11:02:29,625][INFO ][http                     ] [Arkon] publish_address {127.0.0.1:9200}, bound_addresses {127.0.0.1:9200}, {[fe80::1]:9200}, {[::1]:9200}
[2015-10-29 11:02:29,625][INFO ][node                     ] [Arkon] started
[2015-10-29 11:02:29,719][INFO ][gateway                  ] [Arkon] recovered [1] indices into cluster_state
[2015-10-29 11:09:29,696][INFO ][node                     ] [Arkon] stopping ...
[2015-10-29 11:09:29,806][INFO ][node                     ] [Arkon] stopped
[2015-10-29 11:09:29,806][INFO ][node                     ] [Arkon] closing ...
[2015-10-29 11:09:29,812][INFO ][node                     ] [Arkon] closed
